<?xml version="1.0" encoding="utf-8" standalone="no"?>
<test-results xmlns:xsi="http://www.w3.org/2001/XMLSchema-instance" xsi:noNamespaceSchemaLocation="nunit_schema_2.5.xsd" name="Pester" total="66" errors="0" failures="0" not-run="0" inconclusive="0" ignored="0" skipped="0" invalid="0" date="2026-02-22" time="12:00:57">
  <environment clr-version="9.0.10" machine-name="TUSPL10-N009-W" os-version="10.0.22631" user="ge28bak" nunit-version="2.5.8.0" user-domain="ADS" cwd="C:\Users\ge28bak\OneDrive - TUM\TUM_Personal\1_Research\Repos\IMPACT_Docker_GUI\.claude\worktrees\nervous-faraday" platform="Microsoft Windows 11 Education|C:\WINDOWS|\Device\Harddisk0\Partition4" />
  <culture-info current-culture="de-DE" current-uiculture="de-DE" />
  <test-suite type="TestFixture" name="Pester" executed="True" result="Success" success="True" time="8.8973" asserts="0" description="Pester">
    <results>
      <test-suite type="TestFixture" name="C:\Users\ge28bak\OneDrive - TUM\TUM_Personal\1_Research\Repos\IMPACT_Docker_GUI\.claude\worktrees\nervous-faraday\tests\Unit.Tests.ps1" executed="True" result="Success" success="True" time="8.8973" asserts="0" description="C:\Users\ge28bak\OneDrive - TUM\TUM_Personal\1_Research\Repos\IMPACT_Docker_GUI\.claude\worktrees\nervous-faraday\tests\Unit.Tests.ps1">
        <results>
          <test-suite type="TestFixture" name="New-SessionState" executed="True" result="Success" success="True" time="0.8238" asserts="0" description="New-SessionState">
            <results>
              <test-case description="Returns a PSCustomObject with all expected top-level properties" name="New-SessionState.Returns a PSCustomObject with all expected top-level properties" time="0.2991" asserts="0" success="True" result="Success" executed="True" />
              <test-case description="Has correct default RemoteUser" name="New-SessionState.Has correct default RemoteUser" time="0.1856" asserts="0" success="True" result="Success" executed="True" />
              <test-case description="Has Paths hashtable with expected keys" name="New-SessionState.Has Paths hashtable with expected keys" time="0.1018" asserts="0" success="True" result="Success" executed="True" />
              <test-case description="Has Flags hashtable with expected keys" name="New-SessionState.Has Flags hashtable with expected keys" time="0.063" asserts="0" success="True" result="Success" executed="True" />
              <test-case description="Sets Debug to false by default" name="New-SessionState.Sets Debug to false by default" time="0.0575" asserts="0" success="True" result="Success" executed="True" />
              <test-case description="Records PS7Requested flag" name="New-SessionState.Records PS7Requested flag" time="0.0557" asserts="0" success="True" result="Success" executed="True" />
            </results>
          </test-suite>
          <test-suite type="TestFixture" name="Convert-PathToDockerFormat" executed="True" result="Success" success="True" time="1.3004" asserts="0" description="Convert-PathToDockerFormat">
            <results>
              <test-case description="Converts a simple Windows path" name="Convert-PathToDockerFormat.Converts a simple Windows path" time="0.0603" asserts="0" success="True" result="Success" executed="True" />
              <test-case description="Converts uppercase drive letter to lowercase" name="Convert-PathToDockerFormat.Converts uppercase drive letter to lowercase" time="0.0523" asserts="0" success="True" result="Success" executed="True" />
              <test-case description="Handles trailing backslash" name="Convert-PathToDockerFormat.Handles trailing backslash" time="0.0751" asserts="0" success="True" result="Success" executed="True" />
              <test-case description="Handles path without drive letter (POSIX-like)" name="Convert-PathToDockerFormat.Handles path without drive letter (POSIX-like)" time="0.0802" asserts="0" success="True" result="Success" executed="True" />
              <test-case description="Replaces all backslashes with forward slashes" name="Convert-PathToDockerFormat.Replaces all backslashes with forward slashes" time="0.0663" asserts="0" success="True" result="Success" executed="True" />
              <test-case description="Collapses multiple slashes" name="Convert-PathToDockerFormat.Collapses multiple slashes" time="0.052" asserts="0" success="True" result="Success" executed="True" />
              <test-case description="Handles single drive letter" name="Convert-PathToDockerFormat.Handles single drive letter" time="0.0587" asserts="0" success="True" result="Success" executed="True" />
            </results>
          </test-suite>
          <test-suite type="TestFixture" name="Get-RemoteHostString" executed="True" result="Success" success="True" time="1.554" asserts="0" description="Get-RemoteHostString">
            <results>
              <test-case description="Returns RemoteHost when set" name="Get-RemoteHostString.Returns RemoteHost when set" time="0.1438" asserts="0" success="True" result="Success" executed="True" />
              <test-case description="Falls back to RemoteHostIp when RemoteHost is null" name="Get-RemoteHostString.Falls back to RemoteHostIp when RemoteHost is null" time="0.095" asserts="0" success="True" result="Success" executed="True" />
            </results>
          </test-suite>
          <test-suite type="TestFixture" name="Get-DockerContextArgs" executed="True" result="Success" success="True" time="2.1327" asserts="0" description="Get-DockerContextArgs">
            <results>
              <test-case description="Returns empty array for LOCAL without explicit context" name="Get-DockerContextArgs.Returns empty array for LOCAL without explicit context" time="0.2081" asserts="0" success="True" result="Success" executed="True" />
              <test-case description="Returns context args for LOCAL with explicit context" name="Get-DockerContextArgs.Returns context args for LOCAL with explicit context" time="0.14" asserts="0" success="True" result="Success" executed="True" />
              <test-case description="Returns empty array for REMOTE with UseDirectSsh" name="Get-DockerContextArgs.Returns empty array for REMOTE with UseDirectSsh" time="0.1157" asserts="0" success="True" result="Success" executed="True" />
              <test-case description="Returns context args for REMOTE with named context" name="Get-DockerContextArgs.Returns context args for REMOTE with named context" time="0.1031" asserts="0" success="True" result="Success" executed="True" />
            </results>
          </test-suite>
          <test-suite type="TestFixture" name="Remove-SshConfigHostBlock" executed="True" result="Success" success="True" time="2.5045" asserts="0" description="Remove-SshConfigHostBlock">
            <results>
              <test-case description="Removes a matching Host block" name="Remove-SshConfigHostBlock.Removes a matching Host block" time="0.1116" asserts="0" success="True" result="Success" executed="True" />
              <test-case description="Returns false when no matching Host block found" name="Remove-SshConfigHostBlock.Returns false when no matching Host block found" time="0.0592" asserts="0" success="True" result="Success" executed="True" />
              <test-case description="Returns false when config file does not exist" name="Remove-SshConfigHostBlock.Returns false when config file does not exist" time="0.0433" asserts="0" success="True" result="Success" executed="True" />
              <test-case description="Preserves other Host blocks intact" name="Remove-SshConfigHostBlock.Preserves other Host blocks intact" time="0.0805" asserts="0" success="True" result="Success" executed="True" />
              <test-case description="Removes the IMPACT comment line preceding the Host block" name="Remove-SshConfigHostBlock.Removes the IMPACT comment line preceding the Host block" time="0.069" asserts="0" success="True" result="Success" executed="True" />
            </results>
          </test-suite>
          <test-suite type="TestFixture" name="Get-YamlPathValue (LOCAL / sim_design_local.yaml)" executed="True" result="Success" success="True" time="3.5131" asserts="0" description="Get-YamlPathValue (LOCAL / sim_design_local.yaml)">
            <results>
              <test-case description="Reads output_dir from sim_design_local.yaml" name="Get-YamlPathValue (LOCAL / sim_design_local.yaml).Reads output_dir from sim_design_local.yaml" time="0.1712" asserts="0" success="True" result="Success" executed="True" />
              <test-case description="Reads synthpop_dir from sim_design_local.yaml" name="Get-YamlPathValue (LOCAL / sim_design_local.yaml).Reads synthpop_dir from sim_design_local.yaml" time="0.1419" asserts="0" success="True" result="Success" executed="True" />
              <test-case description="Returns null for missing key" name="Get-YamlPathValue (LOCAL / sim_design_local.yaml).Returns null for missing key" time="0.1245" asserts="0" success="True" result="Success" executed="True" />
              <test-case description="Returns null for missing file" name="Get-YamlPathValue (LOCAL / sim_design_local.yaml).Returns null for missing file" time="0.0933" asserts="0" success="True" result="Success" executed="True" />
              <test-case description="Strips inline comments from value" name="Get-YamlPathValue (LOCAL / sim_design_local.yaml).Strips inline comments from value" time="0.1672" asserts="0" success="True" result="Success" executed="True" />
              <test-case description="Resolves relative path against a Windows-style BaseDir" name="Get-YamlPathValue (LOCAL / sim_design_local.yaml).Resolves relative path against a Windows-style BaseDir" time="0.1644" asserts="0" success="True" result="Success" executed="True" />
              <test-case description="Keeps a Windows absolute path as-is when specified in local YAML" name="Get-YamlPathValue (LOCAL / sim_design_local.yaml).Keeps a Windows absolute path as-is when specified in local YAML" time="0.1367" asserts="0" success="True" result="Success" executed="True" />
            </results>
          </test-suite>
          <test-suite type="TestFixture" name="Get-YamlPathValue (REMOTE / sim_design.yaml)" executed="True" result="Success" success="True" time="4.2801" asserts="0" description="Get-YamlPathValue (REMOTE / sim_design.yaml)">
            <results>
              <test-case description="Returns absolute /mnt output_dir as-is from remote sim_design.yaml" name="Get-YamlPathValue (REMOTE / sim_design.yaml).Returns absolute /mnt output_dir as-is from remote sim_design.yaml" time="0.3887" asserts="0" success="True" result="Success" executed="True" />
              <test-case description="Returns absolute /mnt synthpop_dir as-is from remote sim_design.yaml" name="Get-YamlPathValue (REMOTE / sim_design.yaml).Returns absolute /mnt synthpop_dir as-is from remote sim_design.yaml" time="0.1984" asserts="0" success="True" result="Success" executed="True" />
              <test-case description="Strips inline comment from remote YAML value" name="Get-YamlPathValue (REMOTE / sim_design.yaml).Strips inline comment from remote YAML value" time="0.1689" asserts="0" success="True" result="Success" executed="True" />
            </results>
          </test-suite>
          <test-suite type="TestFixture" name="Build-DockerRunCommand" executed="True" result="Success" success="True" time="5.8253" asserts="0" description="Build-DockerRunCommand">
            <results>
              <test-case description="Returns an array starting with &quot;run&quot;" name="Build-DockerRunCommand.Returns an array starting with &quot;run&quot;" time="0.1721" asserts="0" success="True" result="Success" executed="True" />
              <test-case description="Includes container name from state" name="Build-DockerRunCommand.Includes container name from state" time="0.1432" asserts="0" success="True" result="Success" executed="True" />
              <test-case description="Sets PASSWORD environment variable" name="Build-DockerRunCommand.Sets PASSWORD environment variable" time="0.1536" asserts="0" success="True" result="Success" executed="True" />
              <test-case description="Maps port correctly" name="Build-DockerRunCommand.Maps port correctly" time="0.2382" asserts="0" success="True" result="Success" executed="True" />
              <test-case description="Appends high-compute flags only for remote mode" name="Build-DockerRunCommand.Appends high-compute flags only for remote mode" time="0.0956" asserts="0" success="True" result="Success" executed="True" />
              <test-case description="Does NOT append high-compute flags for local mode" name="Build-DockerRunCommand.Does NOT append high-compute flags for local mode" time="0.1437" asserts="0" success="True" result="Success" executed="True" />
              <test-case description="Uses Docker volumes when UseVolumes is true" name="Build-DockerRunCommand.Uses Docker volumes when UseVolumes is true" time="0.0542" asserts="0" success="True" result="Success" executed="True" />
              <test-case description="Uses bind mounts when UseVolumes is false" name="Build-DockerRunCommand.Uses bind mounts when UseVolumes is false" time="0.141" asserts="0" success="True" result="Success" executed="True" />
              <test-case description="Includes image name as last argument" name="Build-DockerRunCommand.Includes image name as last argument" time="0.118" asserts="0" success="True" result="Success" executed="True" />
              <test-case description="Splits custom params into individual arguments" name="Build-DockerRunCommand.Splits custom params into individual arguments" time="0.2138" asserts="0" success="True" result="Success" executed="True" />
            </results>
          </test-suite>
          <test-suite type="TestFixture" name="ThemePalette" executed="True" result="Success" success="True" time="5.905" asserts="0" description="ThemePalette">
            <results>
              <test-case description="Get-ThemePalette returns a hashtable with expected color keys" name="ThemePalette.Get-ThemePalette returns a hashtable with expected color keys" time="0.0487" asserts="0" success="True" result="Success" executed="True" />
              <test-case description="Color values are System.Drawing.Color instances" name="ThemePalette.Color values are System.Drawing.Color instances" time="0.0161" asserts="0" success="True" result="Success" executed="True" />
            </results>
          </test-suite>
          <test-suite type="TestFixture" name="NonInteractiveMode" executed="True" result="Success" success="True" time="5.945" asserts="0" description="NonInteractiveMode">
            <results>
              <test-case description="Starts as disabled" name="NonInteractiveMode.Starts as disabled" time="0.0113" asserts="0" success="True" result="Success" executed="True" />
              <test-case description="Can be enabled" name="NonInteractiveMode.Can be enabled" time="0.0091" asserts="0" success="True" result="Success" executed="True" />
              <test-case description="Can be disabled again" name="NonInteractiveMode.Can be disabled again" time="0.0104" asserts="0" success="True" result="Success" executed="True" />
            </results>
          </test-suite>
          <test-suite type="TestFixture" name="Get-BuildInfo" executed="True" result="Success" success="True" time="6.4558" asserts="0" description="Get-BuildInfo">
            <results>
              <test-case description="Returns an object with Version, Built, and Commit properties" name="Get-BuildInfo.Returns an object with Version, Built, and Commit properties" time="0.1859" asserts="0" success="True" result="Success" executed="True" />
              <test-case description="Version is a valid semver string" name="Get-BuildInfo.Version is a valid semver string" time="0.1514" asserts="0" success="True" result="Success" executed="True" />
              <test-case description="Built is an ISO 8601 timestamp" name="Get-BuildInfo.Built is an ISO 8601 timestamp" time="0.1617" asserts="0" success="True" result="Success" executed="True" />
            </results>
          </test-suite>
          <test-suite type="TestFixture" name="Set-DockerSSHEnvironment" executed="True" result="Success" success="True" time="6.7577" asserts="0" description="Set-DockerSSHEnvironment">
            <results>
              <test-case description="Clears env vars for LOCAL mode" name="Set-DockerSSHEnvironment.Clears env vars for LOCAL mode" time="0.0849" asserts="0" success="True" result="Success" executed="True" />
              <test-case description="Sets DOCKER_SSH_OPTS for REMOTE mode" name="Set-DockerSSHEnvironment.Sets DOCKER_SSH_OPTS for REMOTE mode" time="0.0746" asserts="0" success="True" result="Success" executed="True" />
              <test-case description="Sets DOCKER_HOST for UseDirectSsh" name="Set-DockerSSHEnvironment.Sets DOCKER_HOST for UseDirectSsh" time="0.1295" asserts="0" success="True" result="Success" executed="True" />
            </results>
          </test-suite>
          <test-suite type="TestFixture" name="Test-AndCreateDirectory" executed="True" result="Success" success="True" time="7.2186" asserts="0" description="Test-AndCreateDirectory">
            <results>
              <test-case description="Returns true for an existing local directory" name="Test-AndCreateDirectory.Returns true for an existing local directory" time="0.0981" asserts="0" success="True" result="Success" executed="True" />
              <test-case description="Returns false for a non-existent local directory" name="Test-AndCreateDirectory.Returns false for a non-existent local directory" time="0.0928" asserts="0" success="True" result="Success" executed="True" />
              <test-case description="Returns false for null path" name="Test-AndCreateDirectory.Returns false for null path" time="0.0486" asserts="0" success="True" result="Success" executed="True" />
              <test-case description="Rejects POSIX absolute path in LOCAL mode" name="Test-AndCreateDirectory.Rejects POSIX absolute path in LOCAL mode" time="0.0867" asserts="0" success="True" result="Success" executed="True" />
              <test-case description="Does NOT reject POSIX path in REMOTE mode (handled via SSH)" name="Test-AndCreateDirectory.Does NOT reject POSIX path in REMOTE mode (handled via SSH)" time="0.1243" asserts="0" success="True" result="Success" executed="True" />
            </results>
          </test-suite>
          <test-suite type="TestFixture" name="Ensure-SshConfigEntry" executed="True" result="Success" success="True" time="7.5926" asserts="0" description="Ensure-SshConfigEntry">
            <results>
              <test-case description="Creates or appends SSH config entry for a new Host" name="Ensure-SshConfigEntry.Creates or appends SSH config entry for a new Host" time="0.1441" asserts="0" success="True" result="Success" executed="True" />
              <test-case description="Does not duplicate entry on second call with same key" name="Ensure-SshConfigEntry.Does not duplicate entry on second call with same key" time="0.1609" asserts="0" success="True" result="Success" executed="True" />
            </results>
          </test-suite>
          <test-suite type="TestFixture" name="New-TestSessionState (helper)" executed="True" result="Success" success="True" time="7.9249" asserts="0" description="New-TestSessionState (helper)">
            <results>
              <test-case description="Creates a valid state with LOCAL location" name="New-TestSessionState (helper).Creates a valid state with LOCAL location" time="0.0577" asserts="0" success="True" result="Success" executed="True" />
              <test-case description="Creates a valid state with REMOTE location" name="New-TestSessionState (helper).Creates a valid state with REMOTE location" time="0.0515" asserts="0" success="True" result="Success" executed="True" />
              <test-case description="Sets SSH key paths in temp dir" name="New-TestSessionState (helper).Sets SSH key paths in temp dir" time="0.0513" asserts="0" success="True" result="Success" executed="True" />
              <test-case description="New-DummySshKeyPair creates a usable (unencrypted) ed25519 keypair" name="New-TestSessionState (helper).New-DummySshKeyPair creates a usable (unencrypted) ed25519 keypair" time="0.1576" asserts="0" success="True" result="Success" executed="True" />
            </results>
          </test-suite>
        </results>
      </test-suite>
    </results>
  </test-suite>
</test-results>